2026-02-03 13:46:26,739 - SecurePresence - INFO - Starting Secure Presence App...
2026-02-03 13:46:26,769 - SecurePresence - INFO - No existing encodings found. Starting fresh.
2026-02-03 13:46:26,795 - SecurePresence - INFO - Starting camera at index 0...
2026-02-03 13:46:27,898 - SecurePresence - INFO - Camera started successfully.
2026-02-03 13:46:31,939 - SecurePresence - INFO - [DEBUG] System Lock Requested! (Skipped due to debug mode)
2026-02-03 13:46:32,568 - SecurePresence - INFO - [DEBUG] System Lock Requested! (Skipped due to debug mode)
2026-02-03 13:46:33,194 - SecurePresence - INFO - [DEBUG] System Lock Requested! (Skipped due to debug mode)
2026-02-03 13:46:33,822 - SecurePresence - INFO - [DEBUG] System Lock Requested! (Skipped due to debug mode)
2026-02-03 13:46:34,429 - SecurePresence - INFO - [DEBUG] System Lock Requested! (Skipped due to debug mode)
2026-02-03 13:46:35,087 - SecurePresence - INFO - [DEBUG] System Lock Requested! (Skipped due to debug mode)
2026-02-03 13:46:35,805 - SecurePresence - INFO - [DEBUG] System Lock Requested! (Skipped due to debug mode)
2026-02-03 13:46:36,449 - SecurePresence - INFO - [DEBUG] System Lock Requested! (Skipped due to debug mode)
2026-02-03 13:46:37,116 - SecurePresence - INFO - [DEBUG] System Lock Requested! (Skipped due to debug mode)
2026-02-03 13:46:37,755 - SecurePresence - INFO - [DEBUG] System Lock Requested! (Skipped due to debug mode)
2026-02-03 13:46:38,352 - SecurePresence - INFO - [DEBUG] System Lock Requested! (Skipped due to debug mode)
2026-02-03 13:46:38,978 - SecurePresence - INFO - [DEBUG] System Lock Requested! (Skipped due to debug mode)
2026-02-03 13:46:39,599 - SecurePresence - INFO - [DEBUG] System Lock Requested! (Skipped due to debug mode)
2026-02-03 13:46:40,212 - SecurePresence - INFO - [DEBUG] System Lock Requested! (Skipped due to debug mode)
2026-02-03 13:46:40,851 - SecurePresence - INFO - [DEBUG] System Lock Requested! (Skipped due to debug mode)
2026-02-03 13:46:41,479 - SecurePresence - INFO - [DEBUG] System Lock Requested! (Skipped due to debug mode)
2026-02-03 13:46:42,107 - SecurePresence - INFO - [DEBUG] System Lock Requested! (Skipped due to debug mode)
2026-02-03 13:46:42,804 - SecurePresence - INFO - [DEBUG] System Lock Requested! (Skipped due to debug mode)
2026-02-03 13:46:43,479 - SecurePresence - INFO - [DEBUG] System Lock Requested! (Skipped due to debug mode)
2026-02-03 13:46:44,099 - SecurePresence - INFO - [DEBUG] System Lock Requested! (Skipped due to debug mode)
2026-02-03 13:46:44,751 - SecurePresence - INFO - Saved 1 faces to data/faces/encodings.pkl
2026-02-03 13:46:44,752 - SecurePresence - INFO - Registered new face: s
2026-02-03 13:47:54,683 - SecurePresence - INFO - Camera stopped.
2026-02-03 13:53:45,824 - SecurePresence - INFO - Starting Secure Presence App...
2026-02-03 13:53:45,861 - SecurePresence - INFO - Loaded 1 known faces from data/faces/encodings.pkl
2026-02-03 13:53:45,894 - SecurePresence - INFO - Starting camera at index 0...
2026-02-03 13:53:46,791 - SecurePresence - INFO - Camera started successfully.
2026-02-03 13:54:04,352 - SecurePresence - INFO - Camera stopped.
2026-02-03 13:57:39,346 - SecurePresence - INFO - Starting Secure Presence App...
2026-02-03 13:57:39,371 - SecurePresence - INFO - Loaded 1 known faces from data/faces/encodings.pkl
2026-02-03 13:57:39,404 - SecurePresence - INFO - Starting camera at index 0...
2026-02-03 13:57:40,246 - SecurePresence - INFO - Camera started successfully.
2026-02-03 13:58:03,996 - SecurePresence - INFO - [DEBUG] System Lock Requested! (Skipped due to debug mode)
2026-02-03 13:58:04,856 - SecurePresence - INFO - [DEBUG] System Lock Requested! (Skipped due to debug mode)
2026-02-03 13:58:05,704 - SecurePresence - INFO - [DEBUG] System Lock Requested! (Skipped due to debug mode)
2026-02-03 13:58:06,555 - SecurePresence - INFO - [DEBUG] System Lock Requested! (Skipped due to debug mode)
2026-02-03 13:58:07,403 - SecurePresence - INFO - [DEBUG] System Lock Requested! (Skipped due to debug mode)
2026-02-03 13:58:08,251 - SecurePresence - INFO - [DEBUG] System Lock Requested! (Skipped due to debug mode)
2026-02-03 13:58:09,092 - SecurePresence - INFO - [DEBUG] System Lock Requested! (Skipped due to debug mode)
2026-02-03 13:58:09,932 - SecurePresence - INFO - [DEBUG] System Lock Requested! (Skipped due to debug mode)
2026-02-03 13:58:10,783 - SecurePresence - INFO - [DEBUG] System Lock Requested! (Skipped due to debug mode)
2026-02-03 13:58:11,630 - SecurePresence - INFO - [DEBUG] System Lock Requested! (Skipped due to debug mode)
2026-02-03 13:58:12,504 - SecurePresence - INFO - [DEBUG] System Lock Requested! (Skipped due to debug mode)
2026-02-03 13:58:13,363 - SecurePresence - INFO - [DEBUG] System Lock Requested! (Skipped due to debug mode)
2026-02-03 13:58:14,219 - SecurePresence - INFO - [DEBUG] System Lock Requested! (Skipped due to debug mode)
2026-02-03 13:58:15,051 - SecurePresence - INFO - [DEBUG] System Lock Requested! (Skipped due to debug mode)
2026-02-03 13:58:15,907 - SecurePresence - INFO - [DEBUG] System Lock Requested! (Skipped due to debug mode)
2026-02-03 13:58:16,771 - SecurePresence - INFO - [DEBUG] System Lock Requested! (Skipped due to debug mode)
2026-02-03 13:58:17,609 - SecurePresence - INFO - [DEBUG] System Lock Requested! (Skipped due to debug mode)
2026-02-03 13:58:18,462 - SecurePresence - INFO - [DEBUG] System Lock Requested! (Skipped due to debug mode)
2026-02-03 13:58:19,327 - SecurePresence - INFO - [DEBUG] System Lock Requested! (Skipped due to debug mode)
2026-02-03 13:58:20,174 - SecurePresence - INFO - [DEBUG] System Lock Requested! (Skipped due to debug mode)
2026-02-03 13:58:23,724 - SecurePresence - INFO - Camera stopped.
2026-02-03 14:02:46,919 - SecurePresence - INFO - Starting Secure Presence App...
2026-02-03 14:02:46,940 - SecurePresence - INFO - Loaded 1 known faces from data/faces/encodings.pkl
2026-02-03 14:02:46,956 - SecurePresence - INFO - Starting camera at index 0...
2026-02-03 14:02:47,644 - SecurePresence - INFO - Camera started successfully.
2026-02-03 14:02:52,051 - SecurePresence - WARNING - Locking Workstation...
2026-02-03 14:02:52,165 - SecurePresence - WARNING - Locking Workstation...
2026-02-03 14:02:52,284 - SecurePresence - WARNING - Locking Workstation...
2026-02-03 14:02:52,397 - SecurePresence - WARNING - Locking Workstation...
2026-02-03 14:02:52,517 - SecurePresence - WARNING - Locking Workstation...
2026-02-03 14:02:52,634 - SecurePresence - WARNING - Locking Workstation...
2026-02-03 14:02:52,745 - SecurePresence - WARNING - Locking Workstation...
2026-02-03 14:02:52,854 - SecurePresence - WARNING - Locking Workstation...
2026-02-03 14:02:52,971 - SecurePresence - WARNING - Locking Workstation...
2026-02-03 14:02:53,083 - SecurePresence - WARNING - Locking Workstation...
2026-02-03 14:02:53,191 - SecurePresence - WARNING - Locking Workstation...
2026-02-03 14:02:53,300 - SecurePresence - WARNING - Locking Workstation...
2026-02-03 14:02:53,408 - SecurePresence - WARNING - Locking Workstation...
2026-02-03 14:02:53,518 - SecurePresence - WARNING - Locking Workstation...
2026-02-03 14:02:53,626 - SecurePresence - WARNING - Locking Workstation...
2026-02-03 14:02:53,735 - SecurePresence - WARNING - Locking Workstation...
2026-02-03 14:02:53,843 - SecurePresence - WARNING - Locking Workstation...
2026-02-03 14:02:53,952 - SecurePresence - WARNING - Locking Workstation...
2026-02-03 14:02:54,061 - SecurePresence - WARNING - Locking Workstation...
2026-02-03 14:02:54,171 - SecurePresence - WARNING - Locking Workstation...
2026-02-03 14:02:54,279 - SecurePresence - WARNING - Locking Workstation...
2026-02-03 14:02:54,390 - SecurePresence - WARNING - Locking Workstation...
2026-02-03 14:02:54,502 - SecurePresence - WARNING - Locking Workstation...
2026-02-03 14:02:54,610 - SecurePresence - WARNING - Locking Workstation...
2026-02-03 14:02:54,722 - SecurePresence - WARNING - Locking Workstation...
2026-02-03 14:02:54,831 - SecurePresence - WARNING - Locking Workstation...
2026-02-03 14:02:54,941 - SecurePresence - WARNING - Locking Workstation...
2026-02-03 14:02:55,052 - SecurePresence - WARNING - Locking Workstation...
2026-02-03 14:02:55,166 - SecurePresence - WARNING - Locking Workstation...
2026-02-03 14:02:55,272 - SecurePresence - WARNING - Locking Workstation...
2026-02-03 14:02:55,381 - SecurePresence - WARNING - Locking Workstation...
2026-02-03 14:02:55,493 - SecurePresence - WARNING - Locking Workstation...
2026-02-03 14:02:55,603 - SecurePresence - WARNING - Locking Workstation...
2026-02-03 14:02:55,714 - SecurePresence - WARNING - Locking Workstation...
2026-02-03 14:02:55,825 - SecurePresence - WARNING - Locking Workstation...
2026-02-03 14:02:55,935 - SecurePresence - WARNING - Locking Workstation...
2026-02-03 14:02:56,044 - SecurePresence - WARNING - Locking Workstation...
2026-02-03 14:02:56,155 - SecurePresence - WARNING - Locking Workstation...
2026-02-03 14:02:56,263 - SecurePresence - WARNING - Locking Workstation...
2026-02-03 14:02:56,373 - SecurePresence - WARNING - Locking Workstation...
2026-02-03 14:02:56,489 - SecurePresence - WARNING - Locking Workstation...
2026-02-03 14:02:56,595 - SecurePresence - WARNING - Locking Workstation...
2026-02-03 14:02:56,704 - SecurePresence - WARNING - Locking Workstation...
2026-02-03 14:02:56,814 - SecurePresence - WARNING - Locking Workstation...
2026-02-03 14:02:56,923 - SecurePresence - WARNING - Locking Workstation...
2026-02-03 14:02:57,032 - SecurePresence - WARNING - Locking Workstation...
2026-02-03 14:02:57,142 - SecurePresence - WARNING - Locking Workstation...
2026-02-03 14:02:57,251 - SecurePresence - WARNING - Locking Workstation...
2026-02-03 14:02:57,367 - SecurePresence - WARNING - Locking Workstation...
2026-02-03 14:02:57,484 - SecurePresence - WARNING - Locking Workstation...
2026-02-03 14:02:57,599 - SecurePresence - WARNING - Locking Workstation...
2026-02-03 14:02:57,716 - SecurePresence - WARNING - Locking Workstation...
2026-02-03 14:02:57,826 - SecurePresence - WARNING - Locking Workstation...
2026-02-03 14:02:57,941 - SecurePresence - WARNING - Locking Workstation...
2026-02-03 14:02:58,056 - SecurePresence - WARNING - Locking Workstation...
2026-02-03 14:02:58,165 - SecurePresence - WARNING - Locking Workstation...
2026-02-03 14:02:58,276 - SecurePresence - WARNING - Locking Workstation...
2026-02-03 14:02:58,385 - SecurePresence - WARNING - Locking Workstation...
2026-02-03 14:02:58,496 - SecurePresence - WARNING - Locking Workstation...
2026-02-03 14:02:58,604 - SecurePresence - WARNING - Locking Workstation...
2026-02-03 14:02:58,713 - SecurePresence - WARNING - Locking Workstation...
2026-02-03 14:02:58,826 - SecurePresence - WARNING - Locking Workstation...
2026-02-03 14:02:58,933 - SecurePresence - WARNING - Locking Workstation...
2026-02-03 14:02:59,051 - SecurePresence - WARNING - Locking Workstation...
2026-02-03 14:02:59,162 - SecurePresence - WARNING - Locking Workstation...
2026-02-03 14:02:59,271 - SecurePresence - WARNING - Locking Workstation...
2026-02-03 14:02:59,381 - SecurePresence - WARNING - Locking Workstation...
2026-02-03 14:02:59,491 - SecurePresence - WARNING - Locking Workstation...
2026-02-03 14:02:59,601 - SecurePresence - WARNING - Locking Workstation...
2026-02-03 14:02:59,715 - SecurePresence - WARNING - Locking Workstation...
2026-02-03 14:02:59,822 - SecurePresence - WARNING - Locking Workstation...
2026-02-03 14:02:59,933 - SecurePresence - WARNING - Locking Workstation...
2026-02-03 14:03:21,862 - SecurePresence - WARNING - Locking Workstation...
2026-02-03 14:03:22,692 - SecurePresence - WARNING - Locking Workstation...
2026-02-03 14:03:23,305 - SecurePresence - WARNING - Locking Workstation...
2026-02-03 14:03:36,809 - SecurePresence - WARNING - Registration failed: Expected 1 face, found 5
2026-02-03 14:03:44,265 - SecurePresence - WARNING - Registration failed: Expected 1 face, found 30
2026-02-03 14:03:45,046 - SecurePresence - WARNING - Locking Workstation...
2026-02-03 14:03:45,159 - SecurePresence - WARNING - Locking Workstation...
2026-02-03 14:03:45,269 - SecurePresence - WARNING - Locking Workstation...
2026-02-03 14:03:45,380 - SecurePresence - WARNING - Locking Workstation...
2026-02-03 14:03:45,491 - SecurePresence - WARNING - Locking Workstation...
2026-02-03 14:03:45,866 - SecurePresence - WARNING - Locking Workstation...
2026-02-03 14:03:46,199 - SecurePresence - WARNING - Locking Workstation...
2026-02-03 14:03:46,307 - SecurePresence - WARNING - Locking Workstation...
2026-02-03 14:03:46,656 - SecurePresence - WARNING - Locking Workstation...
2026-02-03 14:03:46,982 - SecurePresence - WARNING - Locking Workstation...
2026-02-03 14:03:47,337 - SecurePresence - WARNING - Locking Workstation...
2026-02-03 14:03:58,583 - SecurePresence - INFO - Starting Secure Presence App...
2026-02-03 14:03:58,602 - SecurePresence - INFO - Loaded 1 known faces from data/faces/encodings.pkl
2026-02-03 14:03:58,618 - SecurePresence - INFO - Starting camera at index 0...
2026-02-03 14:03:59,310 - SecurePresence - INFO - Camera started successfully.
2026-02-03 14:04:03,843 - SecurePresence - WARNING - Locking Workstation...
2026-02-03 14:04:04,334 - SecurePresence - WARNING - Locking Workstation...
2026-02-03 14:04:04,718 - SecurePresence - WARNING - Locking Workstation...
2026-02-03 14:04:05,114 - SecurePresence - WARNING - Locking Workstation...
2026-02-03 14:04:05,471 - SecurePresence - WARNING - Locking Workstation...
2026-02-03 14:04:05,789 - SecurePresence - WARNING - Locking Workstation...
2026-02-03 14:04:06,110 - SecurePresence - WARNING - Locking Workstation...
2026-02-03 14:04:06,435 - SecurePresence - WARNING - Locking Workstation...
2026-02-03 14:04:06,767 - SecurePresence - WARNING - Locking Workstation...
2026-02-03 14:04:13,504 - SecurePresence - WARNING - Registration failed: Expected 1 face, found 3
2026-02-03 14:04:21,001 - SecurePresence - INFO - Saved 2 faces to data/faces/encodings.pkl
2026-02-03 14:04:21,433 - SecurePresence - INFO - Registered new face: z
2026-02-03 14:07:27,932 - SecurePresence - INFO - Starting Secure Presence App...
2026-02-03 14:07:27,968 - SecurePresence - INFO - Loaded 2 known faces from data/faces/encodings.pkl
2026-02-03 14:07:27,980 - SecurePresence - INFO - Starting camera at index 0...
2026-02-03 14:07:29,732 - SecurePresence - INFO - Camera started successfully.
2026-02-03 14:08:06,601 - SecurePresence - INFO - Saved 1 faces to data/faces/encodings.pkl
2026-02-03 14:08:06,602 - SecurePresence - INFO - Deleted user: s
2026-02-03 14:08:10,455 - SecurePresence - WARNING - Locking Workstation...
2026-02-03 14:08:11,130 - SecurePresence - WARNING - Locking Workstation...
2026-02-03 14:08:11,684 - SecurePresence - WARNING - Locking Workstation...
2026-02-03 14:08:49,169 - SecurePresence - WARNING - Locking Workstation...
2026-02-03 14:08:49,286 - SecurePresence - WARNING - Locking Workstation...
2026-02-03 14:08:49,402 - SecurePresence - WARNING - Locking Workstation...
2026-02-03 14:08:49,523 - SecurePresence - WARNING - Locking Workstation...
2026-02-03 14:08:49,644 - SecurePresence - WARNING - Locking Workstation...
2026-02-03 14:08:49,758 - SecurePresence - WARNING - Locking Workstation...
2026-02-03 14:08:49,872 - SecurePresence - WARNING - Locking Workstation...
2026-02-03 14:08:57,618 - SecurePresence - WARNING - Locking Workstation...
2026-02-03 14:08:58,217 - SecurePresence - WARNING - Locking Workstation...
2026-02-03 14:08:58,703 - SecurePresence - WARNING - Locking Workstation...
2026-02-03 14:08:59,103 - SecurePresence - WARNING - Locking Workstation...
2026-02-03 14:08:59,595 - SecurePresence - WARNING - Locking Workstation...
2026-02-03 14:08:59,923 - SecurePresence - WARNING - Locking Workstation...
2026-02-03 14:09:00,276 - SecurePresence - WARNING - Locking Workstation...
2026-02-03 14:09:00,388 - SecurePresence - WARNING - Locking Workstation...
2026-02-03 14:09:00,718 - SecurePresence - WARNING - Locking Workstation...
2026-02-03 14:09:04,381 - SecurePresence - WARNING - Locking Workstation...
2026-02-03 14:09:07,394 - SecurePresence - INFO - Camera stopped.
2026-02-03 14:14:41,557 - SecurePresence - INFO - Starting Secure Presence App...
2026-02-03 14:14:41,725 - SecurePresence - INFO - Loaded 1 known faces from data/faces/encodings.pkl
2026-02-03 14:14:41,753 - SecurePresence - INFO - Starting camera at index 0...
2026-02-03 14:14:44,171 - SecurePresence - INFO - Camera started successfully.
2026-02-03 14:14:46,791 - SecurePresence - WARNING - Locking Workstation...
2026-02-03 14:14:47,625 - SecurePresence - WARNING - Locking Workstation...
2026-02-03 14:14:48,079 - SecurePresence - WARNING - Locking Workstation...
2026-02-03 14:14:48,191 - SecurePresence - WARNING - Locking Workstation...
2026-02-03 14:14:48,311 - SecurePresence - WARNING - Locking Workstation...
2026-02-03 14:14:48,421 - SecurePresence - WARNING - Locking Workstation...
2026-02-03 14:14:48,538 - SecurePresence - WARNING - Locking Workstation...
2026-02-03 14:14:48,896 - SecurePresence - WARNING - Locking Workstation...
2026-02-03 14:14:49,689 - SecurePresence - WARNING - Locking Workstation...
2026-02-03 14:14:50,053 - SecurePresence - WARNING - Locking Workstation...
2026-02-03 14:14:50,382 - SecurePresence - WARNING - Locking Workstation...
2026-02-03 14:14:50,711 - SecurePresence - WARNING - Locking Workstation...
2026-02-03 14:14:51,044 - SecurePresence - WARNING - Locking Workstation...
2026-02-03 14:14:51,372 - SecurePresence - WARNING - Locking Workstation...
2026-02-03 14:14:51,701 - SecurePresence - WARNING - Locking Workstation...
2026-02-03 14:14:52,034 - SecurePresence - WARNING - Locking Workstation...
2026-02-03 14:14:52,456 - SecurePresence - WARNING - Locking Workstation...
2026-02-03 14:14:53,075 - SecurePresence - WARNING - Locking Workstation...
2026-02-03 14:14:53,547 - SecurePresence - WARNING - Locking Workstation...
2026-02-03 14:14:53,927 - SecurePresence - WARNING - Locking Workstation...
2026-02-03 14:14:54,036 - SecurePresence - WARNING - Locking Workstation...
2026-02-03 14:14:55,006 - SecurePresence - WARNING - Locking Workstation...
2026-02-03 14:14:55,347 - SecurePresence - WARNING - Locking Workstation...
2026-02-03 14:14:55,677 - SecurePresence - WARNING - Locking Workstation...
2026-02-03 14:15:32,876 - SecurePresence - INFO - Starting Secure Presence App...
2026-02-03 14:15:32,896 - SecurePresence - INFO - Loaded 1 known faces from data/faces/encodings.pkl
2026-02-03 14:15:32,913 - SecurePresence - INFO - Starting camera at index 0...
2026-02-03 14:15:34,819 - SecurePresence - INFO - Starting Secure Presence App...
2026-02-03 14:15:34,836 - SecurePresence - INFO - Loaded 1 known faces from data/faces/encodings.pkl
2026-02-03 14:15:34,847 - SecurePresence - INFO - Camera started successfully.
2026-02-03 14:15:34,854 - SecurePresence - INFO - Starting camera at index 0...
2026-02-03 14:15:35,866 - SecurePresence - INFO - Camera started successfully.
2026-02-03 14:15:38,118 - SecurePresence - WARNING - Locking Workstation...
2026-02-03 14:15:40,159 - SecurePresence - WARNING - Locking Workstation...
2026-02-03 14:15:40,160 - SecurePresence - WARNING - Locking Workstation...
2026-02-03 14:15:40,160 - SecurePresence - WARNING - Locking Workstation...
2026-02-03 14:15:40,162 - SecurePresence - WARNING - Locking Workstation...
2026-02-03 14:15:40,270 - SecurePresence - WARNING - Locking Workstation...
2026-02-03 14:15:40,379 - SecurePresence - WARNING - Locking Workstation...
2026-02-03 14:15:40,491 - SecurePresence - WARNING - Locking Workstation...
2026-02-03 14:15:40,518 - SecurePresence - WARNING - Locking Workstation...
2026-02-03 14:15:40,601 - SecurePresence - WARNING - Locking Workstation...
2026-02-03 14:15:40,709 - SecurePresence - WARNING - Locking Workstation...
2026-02-03 14:15:40,823 - SecurePresence - WARNING - Locking Workstation...
2026-02-03 14:15:40,882 - SecurePresence - WARNING - Locking Workstation...
2026-02-03 14:15:40,934 - SecurePresence - WARNING - Locking Workstation...
2026-02-03 14:15:41,042 - SecurePresence - WARNING - Locking Workstation...
2026-02-03 14:15:41,153 - SecurePresence - WARNING - Locking Workstation...
2026-02-03 14:15:41,255 - SecurePresence - WARNING - Locking Workstation...
2026-02-03 14:15:41,267 - SecurePresence - WARNING - Locking Workstation...
2026-02-03 14:15:41,382 - SecurePresence - WARNING - Locking Workstation...
2026-02-03 14:15:41,494 - SecurePresence - WARNING - Locking Workstation...
2026-02-03 14:15:41,604 - SecurePresence - WARNING - Locking Workstation...
2026-02-03 14:15:41,615 - SecurePresence - WARNING - Locking Workstation...
2026-02-03 14:15:41,721 - SecurePresence - WARNING - Locking Workstation...
2026-02-03 14:15:41,831 - SecurePresence - WARNING - Locking Workstation...
2026-02-03 14:15:41,942 - SecurePresence - WARNING - Locking Workstation...
2026-02-03 14:15:41,972 - SecurePresence - WARNING - Locking Workstation...
2026-02-03 14:15:42,055 - SecurePresence - WARNING - Locking Workstation...
2026-02-03 14:15:42,174 - SecurePresence - WARNING - Locking Workstation...
2026-02-03 14:15:42,282 - SecurePresence - WARNING - Locking Workstation...
2026-02-03 14:15:42,353 - SecurePresence - WARNING - Locking Workstation...
2026-02-03 14:15:42,391 - SecurePresence - WARNING - Locking Workstation...
2026-02-03 14:15:42,508 - SecurePresence - WARNING - Locking Workstation...
2026-02-03 14:15:42,617 - SecurePresence - WARNING - Locking Workstation...
2026-02-03 14:15:42,709 - SecurePresence - WARNING - Locking Workstation...
2026-02-03 14:15:42,727 - SecurePresence - WARNING - Locking Workstation...
2026-02-03 14:15:42,841 - SecurePresence - WARNING - Locking Workstation...
2026-02-03 14:15:42,986 - SecurePresence - WARNING - Locking Workstation...
2026-02-03 14:15:43,077 - SecurePresence - WARNING - Locking Workstation...
2026-02-03 14:15:43,188 - SecurePresence - WARNING - Locking Workstation...
2026-02-03 14:15:43,219 - SecurePresence - WARNING - Locking Workstation...
2026-02-03 14:15:43,303 - SecurePresence - WARNING - Locking Workstation...
2026-02-03 14:15:43,334 - SecurePresence - WARNING - Locking Workstation...
2026-02-03 14:15:43,415 - SecurePresence - WARNING - Locking Workstation...
2026-02-03 14:15:43,793 - SecurePresence - WARNING - Locking Workstation...
2026-02-03 14:15:43,794 - SecurePresence - WARNING - Locking Workstation...
2026-02-03 14:15:43,796 - SecurePresence - WARNING - Locking Workstation...
2026-02-03 14:15:43,796 - SecurePresence - WARNING - Locking Workstation...
2026-02-03 14:15:43,797 - SecurePresence - WARNING - Locking Workstation...
2026-02-03 14:15:43,797 - SecurePresence - WARNING - Locking Workstation...
2026-02-03 14:15:43,798 - SecurePresence - WARNING - Locking Workstation...
2026-02-03 14:15:43,863 - SecurePresence - WARNING - Locking Workstation...
2026-02-03 14:15:43,896 - SecurePresence - WARNING - Locking Workstation...
2026-02-03 14:15:43,984 - SecurePresence - WARNING - Locking Workstation...
2026-02-03 14:15:44,017 - SecurePresence - WARNING - Locking Workstation...
2026-02-03 14:15:44,101 - SecurePresence - WARNING - Locking Workstation...
2026-02-03 14:15:44,138 - SecurePresence - WARNING - Locking Workstation...
2026-02-03 14:15:44,215 - SecurePresence - WARNING - Locking Workstation...
2026-02-03 14:15:44,253 - SecurePresence - WARNING - Locking Workstation...
2026-02-03 14:15:45,048 - SecurePresence - WARNING - Locking Workstation...
2026-02-03 14:15:45,050 - SecurePresence - WARNING - Locking Workstation...
2026-02-03 14:15:45,162 - SecurePresence - WARNING - Locking Workstation...
2026-02-03 14:15:45,165 - SecurePresence - WARNING - Locking Workstation...
2026-02-03 14:15:45,273 - SecurePresence - WARNING - Locking Workstation...
2026-02-03 14:15:45,278 - SecurePresence - WARNING - Locking Workstation...
2026-02-03 14:15:45,389 - SecurePresence - WARNING - Locking Workstation...
2026-02-03 14:15:45,390 - SecurePresence - WARNING - Locking Workstation...
2026-02-03 14:15:45,506 - SecurePresence - WARNING - Locking Workstation...
2026-02-03 14:15:45,511 - SecurePresence - WARNING - Locking Workstation...
2026-02-03 14:15:45,620 - SecurePresence - WARNING - Locking Workstation...
2026-02-03 14:15:45,625 - SecurePresence - WARNING - Locking Workstation...
2026-02-03 14:15:45,728 - SecurePresence - WARNING - Locking Workstation...
2026-02-03 14:15:45,734 - SecurePresence - WARNING - Locking Workstation...
2026-02-03 14:15:45,841 - SecurePresence - WARNING - Locking Workstation...
2026-02-03 14:15:45,847 - SecurePresence - WARNING - Locking Workstation...
2026-02-03 14:15:45,955 - SecurePresence - WARNING - Locking Workstation...
2026-02-03 14:15:45,960 - SecurePresence - WARNING - Locking Workstation...
2026-02-03 14:15:46,071 - SecurePresence - WARNING - Locking Workstation...
2026-02-03 14:15:46,076 - SecurePresence - WARNING - Locking Workstation...
2026-02-03 14:15:46,189 - SecurePresence - WARNING - Locking Workstation...
2026-02-03 14:15:46,190 - SecurePresence - WARNING - Locking Workstation...
2026-02-03 14:15:46,306 - SecurePresence - WARNING - Locking Workstation...
2026-02-03 14:15:46,418 - SecurePresence - WARNING - Locking Workstation...
2026-02-03 14:15:46,534 - SecurePresence - WARNING - Locking Workstation...
2026-02-03 14:15:46,552 - SecurePresence - WARNING - Locking Workstation...
2026-02-03 14:15:46,653 - SecurePresence - WARNING - Locking Workstation...
2026-02-03 14:15:46,663 - SecurePresence - WARNING - Locking Workstation...
2026-02-03 14:15:46,759 - SecurePresence - WARNING - Locking Workstation...
2026-02-03 14:15:46,776 - SecurePresence - WARNING - Locking Workstation...
2026-02-03 14:15:46,872 - SecurePresence - WARNING - Locking Workstation...
2026-02-03 14:15:46,885 - SecurePresence - WARNING - Locking Workstation...
2026-02-03 14:15:46,984 - SecurePresence - WARNING - Locking Workstation...
2026-02-03 14:15:46,996 - SecurePresence - WARNING - Locking Workstation...
2026-02-03 14:15:47,101 - SecurePresence - WARNING - Locking Workstation...
2026-02-03 14:15:47,111 - SecurePresence - WARNING - Locking Workstation...
2026-02-03 14:15:47,220 - SecurePresence - WARNING - Locking Workstation...
2026-02-03 14:15:47,227 - SecurePresence - WARNING - Locking Workstation...
2026-02-03 14:15:48,030 - SecurePresence - WARNING - Locking Workstation...
2026-02-03 14:15:48,030 - SecurePresence - WARNING - Locking Workstation...
2026-02-03 14:15:48,143 - SecurePresence - WARNING - Locking Workstation...
2026-02-03 14:15:48,144 - SecurePresence - WARNING - Locking Workstation...
2026-02-03 14:15:48,267 - SecurePresence - WARNING - Locking Workstation...
2026-02-03 14:15:48,267 - SecurePresence - WARNING - Locking Workstation...
2026-02-03 14:15:48,381 - SecurePresence - WARNING - Locking Workstation...
2026-02-03 14:15:48,383 - SecurePresence - WARNING - Locking Workstation...
2026-02-03 14:15:48,501 - SecurePresence - WARNING - Locking Workstation...
2026-02-03 14:15:48,508 - SecurePresence - WARNING - Locking Workstation...
2026-02-03 14:15:48,616 - SecurePresence - WARNING - Locking Workstation...
2026-02-03 14:15:48,621 - SecurePresence - WARNING - Locking Workstation...
2026-02-03 14:15:48,734 - SecurePresence - WARNING - Locking Workstation...
2026-02-03 14:15:48,740 - SecurePresence - WARNING - Locking Workstation...
2026-02-03 14:15:48,845 - SecurePresence - WARNING - Locking Workstation...
2026-02-03 14:15:48,855 - SecurePresence - WARNING - Locking Workstation...
2026-02-03 14:15:49,685 - SecurePresence - WARNING - Locking Workstation...
2026-02-03 14:15:49,685 - SecurePresence - WARNING - Locking Workstation...
2026-02-03 14:15:49,794 - SecurePresence - WARNING - Locking Workstation...
2026-02-03 14:15:49,905 - SecurePresence - WARNING - Locking Workstation...
2026-02-03 14:15:50,016 - SecurePresence - WARNING - Locking Workstation...
2026-02-03 14:15:50,127 - SecurePresence - WARNING - Locking Workstation...
2026-02-03 14:15:50,237 - SecurePresence - WARNING - Locking Workstation...
2026-02-03 14:15:50,347 - SecurePresence - WARNING - Locking Workstation...
2026-02-03 14:15:50,456 - SecurePresence - WARNING - Locking Workstation...
2026-02-03 14:15:50,571 - SecurePresence - WARNING - Locking Workstation...
2026-02-03 14:15:50,682 - SecurePresence - WARNING - Locking Workstation...
2026-02-03 14:15:50,794 - SecurePresence - WARNING - Locking Workstation...
2026-02-03 14:15:50,912 - SecurePresence - WARNING - Locking Workstation...
2026-02-03 14:15:51,023 - SecurePresence - WARNING - Locking Workstation...
2026-02-03 14:15:51,133 - SecurePresence - WARNING - Locking Workstation...
2026-02-03 14:15:51,241 - SecurePresence - WARNING - Locking Workstation...
2026-02-03 14:15:51,352 - SecurePresence - WARNING - Locking Workstation...
2026-02-03 14:15:51,464 - SecurePresence - WARNING - Locking Workstation...
2026-02-03 14:15:51,572 - SecurePresence - WARNING - Locking Workstation...
2026-02-03 14:15:51,689 - SecurePresence - WARNING - Locking Workstation...
2026-02-03 14:15:51,800 - SecurePresence - WARNING - Locking Workstation...
2026-02-03 14:15:51,918 - SecurePresence - WARNING - Locking Workstation...
2026-02-03 14:15:52,032 - SecurePresence - WARNING - Locking Workstation...
2026-02-03 14:15:52,143 - SecurePresence - WARNING - Locking Workstation...
2026-02-03 14:15:52,254 - SecurePresence - WARNING - Locking Workstation...
2026-02-03 14:15:52,369 - SecurePresence - WARNING - Locking Workstation...
2026-02-03 14:15:52,486 - SecurePresence - WARNING - Locking Workstation...
2026-02-03 14:15:52,595 - SecurePresence - WARNING - Locking Workstation...
2026-02-03 14:15:52,716 - SecurePresence - WARNING - Locking Workstation...
2026-02-03 14:15:52,825 - SecurePresence - WARNING - Locking Workstation...
2026-02-03 14:15:52,937 - SecurePresence - WARNING - Locking Workstation...
2026-02-03 14:15:53,054 - SecurePresence - WARNING - Locking Workstation...
2026-02-03 14:15:53,170 - SecurePresence - WARNING - Locking Workstation...
2026-02-03 14:15:53,286 - SecurePresence - WARNING - Locking Workstation...
2026-02-03 14:15:53,397 - SecurePresence - WARNING - Locking Workstation...
2026-02-03 14:15:53,507 - SecurePresence - WARNING - Locking Workstation...
2026-02-03 14:15:53,618 - SecurePresence - WARNING - Locking Workstation...
2026-02-03 14:15:54,048 - SecurePresence - WARNING - Locking Workstation...
2026-02-03 14:15:54,157 - SecurePresence - WARNING - Locking Workstation...
2026-02-03 14:15:54,278 - SecurePresence - WARNING - Locking Workstation...
2026-02-03 14:15:54,398 - SecurePresence - WARNING - Locking Workstation...
2026-02-03 14:15:54,513 - SecurePresence - WARNING - Locking Workstation...
2026-02-03 14:15:55,404 - SecurePresence - WARNING - Locking Workstation...
2026-02-03 14:15:55,516 - SecurePresence - WARNING - Locking Workstation...
2026-02-03 14:15:55,630 - SecurePresence - WARNING - Locking Workstation...
2026-02-03 14:15:55,742 - SecurePresence - WARNING - Locking Workstation...
2026-02-03 14:15:55,853 - SecurePresence - WARNING - Locking Workstation...
2026-02-03 14:15:55,971 - SecurePresence - WARNING - Locking Workstation...
2026-02-03 14:15:56,087 - SecurePresence - WARNING - Locking Workstation...
2026-02-03 14:15:56,198 - SecurePresence - WARNING - Locking Workstation...
2026-02-03 14:15:56,314 - SecurePresence - WARNING - Locking Workstation...
2026-02-03 14:15:56,427 - SecurePresence - WARNING - Locking Workstation...
2026-02-03 14:15:56,537 - SecurePresence - WARNING - Locking Workstation...
2026-02-03 14:15:56,658 - SecurePresence - WARNING - Locking Workstation...
2026-02-03 14:15:56,764 - SecurePresence - WARNING - Locking Workstation...
2026-02-03 14:15:56,873 - SecurePresence - WARNING - Locking Workstation...
2026-02-03 14:15:56,987 - SecurePresence - WARNING - Locking Workstation...
2026-02-03 14:15:57,098 - SecurePresence - WARNING - Locking Workstation...
2026-02-03 14:15:57,209 - SecurePresence - WARNING - Locking Workstation...
2026-02-03 14:15:57,320 - SecurePresence - WARNING - Locking Workstation...
2026-02-03 14:15:57,437 - SecurePresence - WARNING - Locking Workstation...
2026-02-03 14:15:57,553 - SecurePresence - WARNING - Locking Workstation...
2026-02-03 14:15:57,664 - SecurePresence - WARNING - Locking Workstation...
2026-02-03 14:15:57,772 - SecurePresence - WARNING - Locking Workstation...
2026-02-03 14:15:57,882 - SecurePresence - WARNING - Locking Workstation...
2026-02-03 14:15:57,995 - SecurePresence - WARNING - Locking Workstation...
2026-02-03 14:15:58,110 - SecurePresence - WARNING - Locking Workstation...
2026-02-03 14:15:58,227 - SecurePresence - WARNING - Locking Workstation...
2026-02-03 14:15:58,339 - SecurePresence - WARNING - Locking Workstation...
2026-02-03 14:15:58,448 - SecurePresence - WARNING - Locking Workstation...
2026-02-03 14:15:58,563 - SecurePresence - WARNING - Locking Workstation...
2026-02-03 14:15:58,673 - SecurePresence - WARNING - Locking Workstation...
2026-02-03 14:15:58,790 - SecurePresence - WARNING - Locking Workstation...
2026-02-03 14:15:58,901 - SecurePresence - WARNING - Locking Workstation...
2026-02-03 14:15:59,011 - SecurePresence - WARNING - Locking Workstation...
2026-02-03 14:15:59,127 - SecurePresence - WARNING - Locking Workstation...
2026-02-03 14:15:59,238 - SecurePresence - WARNING - Locking Workstation...
2026-02-03 14:15:59,353 - SecurePresence - WARNING - Locking Workstation...
2026-02-03 14:15:59,464 - SecurePresence - WARNING - Locking Workstation...
2026-02-03 14:15:59,580 - SecurePresence - WARNING - Locking Workstation...
2026-02-03 14:15:59,698 - SecurePresence - WARNING - Locking Workstation...
2026-02-03 14:15:59,807 - SecurePresence - WARNING - Locking Workstation...
2026-02-03 14:15:59,919 - SecurePresence - WARNING - Locking Workstation...
2026-02-03 14:16:00,030 - SecurePresence - WARNING - Locking Workstation...
2026-02-03 14:16:00,149 - SecurePresence - WARNING - Locking Workstation...
2026-02-03 14:16:01,026 - SecurePresence - WARNING - Locking Workstation...
2026-02-03 14:16:01,137 - SecurePresence - WARNING - Locking Workstation...
2026-02-03 14:16:01,252 - SecurePresence - WARNING - Locking Workstation...
2026-02-03 14:16:01,367 - SecurePresence - WARNING - Locking Workstation...
2026-02-03 14:16:01,487 - SecurePresence - WARNING - Locking Workstation...
2026-02-03 14:16:01,601 - SecurePresence - WARNING - Locking Workstation...
2026-02-03 14:16:01,712 - SecurePresence - WARNING - Locking Workstation...
2026-02-03 14:16:01,830 - SecurePresence - WARNING - Locking Workstation...
2026-02-03 14:16:01,946 - SecurePresence - WARNING - Locking Workstation...
2026-02-03 14:16:02,057 - SecurePresence - WARNING - Locking Workstation...
2026-02-03 14:16:02,187 - SecurePresence - WARNING - Locking Workstation...
2026-02-03 14:16:02,305 - SecurePresence - WARNING - Locking Workstation...
2026-02-03 14:16:02,430 - SecurePresence - WARNING - Locking Workstation...
2026-02-03 14:16:02,549 - SecurePresence - WARNING - Locking Workstation...
2026-02-03 14:16:02,660 - SecurePresence - WARNING - Locking Workstation...
2026-02-03 14:16:02,791 - SecurePresence - WARNING - Locking Workstation...
2026-02-03 14:16:02,912 - SecurePresence - WARNING - Locking Workstation...
2026-02-03 14:16:03,026 - SecurePresence - WARNING - Locking Workstation...
2026-02-03 14:16:03,160 - SecurePresence - WARNING - Locking Workstation...
2026-02-03 14:16:03,288 - SecurePresence - WARNING - Locking Workstation...
2026-02-03 14:16:03,406 - SecurePresence - WARNING - Locking Workstation...
2026-02-03 14:16:03,526 - SecurePresence - WARNING - Locking Workstation...
2026-02-03 14:16:03,651 - SecurePresence - WARNING - Locking Workstation...
2026-02-03 14:16:03,759 - SecurePresence - WARNING - Locking Workstation...
2026-02-03 14:16:03,879 - SecurePresence - WARNING - Locking Workstation...
2026-02-03 14:16:04,019 - SecurePresence - WARNING - Locking Workstation...
2026-02-03 14:16:04,138 - SecurePresence - WARNING - Locking Workstation...
2026-02-03 14:16:04,956 - SecurePresence - WARNING - Locking Workstation...
2026-02-03 14:16:05,068 - SecurePresence - WARNING - Locking Workstation...
2026-02-03 14:16:05,187 - SecurePresence - WARNING - Locking Workstation...
2026-02-03 14:16:05,315 - SecurePresence - WARNING - Locking Workstation...
2026-02-03 14:16:05,428 - SecurePresence - WARNING - Locking Workstation...
2026-02-03 14:16:05,558 - SecurePresence - WARNING - Locking Workstation...
2026-02-03 14:16:05,679 - SecurePresence - WARNING - Locking Workstation...
2026-02-03 14:16:05,810 - SecurePresence - WARNING - Locking Workstation...
2026-02-03 14:16:05,935 - SecurePresence - WARNING - Locking Workstation...
2026-02-03 14:16:06,072 - SecurePresence - WARNING - Locking Workstation...
2026-02-03 14:16:06,195 - SecurePresence - WARNING - Locking Workstation...
2026-02-03 14:16:06,307 - SecurePresence - WARNING - Locking Workstation...
2026-02-03 14:16:06,427 - SecurePresence - WARNING - Locking Workstation...
2026-02-03 14:16:06,562 - SecurePresence - WARNING - Locking Workstation...
2026-02-03 14:16:06,701 - SecurePresence - WARNING - Locking Workstation...
2026-02-03 14:16:06,811 - SecurePresence - WARNING - Locking Workstation...
2026-02-03 14:16:06,931 - SecurePresence - WARNING - Locking Workstation...
2026-02-03 14:16:07,072 - SecurePresence - WARNING - Locking Workstation...
2026-02-03 14:16:07,200 - SecurePresence - WARNING - Locking Workstation...
2026-02-03 14:16:07,326 - SecurePresence - WARNING - Locking Workstation...
2026-02-03 14:16:07,446 - SecurePresence - WARNING - Locking Workstation...
2026-02-03 14:16:07,573 - SecurePresence - WARNING - Locking Workstation...
2026-02-03 14:16:07,700 - SecurePresence - WARNING - Locking Workstation...
2026-02-03 14:16:07,817 - SecurePresence - WARNING - Locking Workstation...
2026-02-03 14:16:07,931 - SecurePresence - WARNING - Locking Workstation...
2026-02-03 14:16:08,058 - SecurePresence - WARNING - Locking Workstation...
2026-02-03 14:16:08,185 - SecurePresence - WARNING - Locking Workstation...
2026-02-03 14:16:08,308 - SecurePresence - WARNING - Locking Workstation...
2026-02-03 14:16:08,413 - SecurePresence - WARNING - Locking Workstation...
2026-02-03 14:16:08,557 - SecurePresence - WARNING - Locking Workstation...
2026-02-03 14:16:08,699 - SecurePresence - WARNING - Locking Workstation...
2026-02-03 14:16:08,810 - SecurePresence - WARNING - Locking Workstation...
2026-02-03 14:16:08,923 - SecurePresence - WARNING - Locking Workstation...
2026-02-03 14:16:09,075 - SecurePresence - WARNING - Locking Workstation...
2026-02-03 14:16:09,174 - SecurePresence - WARNING - Locking Workstation...
2026-02-03 14:16:09,299 - SecurePresence - WARNING - Locking Workstation...
2026-02-03 14:16:09,425 - SecurePresence - WARNING - Locking Workstation...
2026-02-03 14:16:09,559 - SecurePresence - WARNING - Locking Workstation...
2026-02-03 14:16:09,910 - SecurePresence - WARNING - Locking Workstation...
2026-02-03 14:16:10,034 - SecurePresence - WARNING - Locking Workstation...
2026-02-03 14:16:10,160 - SecurePresence - WARNING - Locking Workstation...
2026-02-03 14:16:10,290 - SecurePresence - WARNING - Locking Workstation...
2026-02-03 14:16:10,415 - SecurePresence - WARNING - Locking Workstation...
2026-02-03 14:16:10,542 - SecurePresence - WARNING - Locking Workstation...
2026-02-03 14:16:10,662 - SecurePresence - WARNING - Locking Workstation...
2026-02-03 14:16:10,792 - SecurePresence - WARNING - Locking Workstation...
2026-02-03 14:16:10,919 - SecurePresence - WARNING - Locking Workstation...
2026-02-03 14:16:11,039 - SecurePresence - WARNING - Locking Workstation...
2026-02-03 14:16:11,160 - SecurePresence - WARNING - Locking Workstation...
2026-02-03 14:16:11,280 - SecurePresence - WARNING - Locking Workstation...
2026-02-03 14:16:11,396 - SecurePresence - WARNING - Locking Workstation...
2026-02-03 14:16:12,210 - SecurePresence - WARNING - Locking Workstation...
2026-02-03 14:16:12,337 - SecurePresence - WARNING - Locking Workstation...
2026-02-03 14:16:12,463 - SecurePresence - WARNING - Locking Workstation...
2026-02-03 14:16:12,594 - SecurePresence - WARNING - Locking Workstation...
2026-02-03 14:16:12,720 - SecurePresence - WARNING - Locking Workstation...
2026-02-03 14:16:12,827 - SecurePresence - WARNING - Locking Workstation...
2026-02-03 14:16:12,962 - SecurePresence - WARNING - Locking Workstation...
2026-02-03 14:16:13,087 - SecurePresence - WARNING - Locking Workstation...
2026-02-03 14:16:13,220 - SecurePresence - WARNING - Locking Workstation...
2026-02-03 14:16:13,343 - SecurePresence - WARNING - Locking Workstation...
2026-02-03 14:16:13,465 - SecurePresence - WARNING - Locking Workstation...
2026-02-03 14:16:13,582 - SecurePresence - WARNING - Locking Workstation...
2026-02-03 14:16:13,707 - SecurePresence - WARNING - Locking Workstation...
2026-02-03 14:16:13,833 - SecurePresence - WARNING - Locking Workstation...
2026-02-03 14:16:13,956 - SecurePresence - WARNING - Locking Workstation...
2026-02-03 14:16:14,077 - SecurePresence - WARNING - Locking Workstation...
2026-02-03 14:16:14,198 - SecurePresence - WARNING - Locking Workstation...
2026-02-03 14:16:14,325 - SecurePresence - WARNING - Locking Workstation...
2026-02-03 14:16:14,430 - SecurePresence - WARNING - Locking Workstation...
2026-02-03 14:16:14,562 - SecurePresence - WARNING - Locking Workstation...
2026-02-03 14:16:14,683 - SecurePresence - WARNING - Locking Workstation...
2026-02-03 14:16:14,818 - SecurePresence - WARNING - Locking Workstation...
2026-02-03 14:16:14,934 - SecurePresence - WARNING - Locking Workstation...
2026-02-03 14:16:15,063 - SecurePresence - WARNING - Locking Workstation...
2026-02-03 14:16:15,200 - SecurePresence - WARNING - Locking Workstation...
2026-02-03 14:16:15,326 - SecurePresence - WARNING - Locking Workstation...
2026-02-03 14:16:15,442 - SecurePresence - WARNING - Locking Workstation...
2026-02-03 14:16:15,560 - SecurePresence - WARNING - Locking Workstation...
2026-02-03 14:17:30,276 - SecurePresence - INFO - Starting Secure Presence App...
2026-02-03 14:17:30,443 - SecurePresence - INFO - Loaded 1 known faces from data/faces/encodings.pkl
2026-02-03 14:17:30,469 - SecurePresence - INFO - Starting camera at index 0...
2026-02-03 14:17:32,269 - SecurePresence - INFO - Camera started successfully.
2026-02-03 14:17:50,683 - SecurePresence - WARNING - Locking Workstation...
2026-02-03 14:17:52,211 - SecurePresence - WARNING - Locking Workstation...
2026-02-03 14:17:52,986 - SecurePresence - WARNING - Locking Workstation...
2026-02-03 14:18:19,766 - SecurePresence - WARNING - Registration failed: Expected 1 face, found 11
2026-02-03 14:32:10,746 - SecurePresence - INFO - Starting Secure Presence App...
2026-02-03 14:32:11,028 - SecurePresence - INFO - Loaded 1 known faces from data/faces/encodings.pkl
2026-02-03 14:32:11,060 - SecurePresence - INFO - Starting camera at index 0...
2026-02-03 14:32:13,486 - SecurePresence - INFO - Camera started successfully.
2026-02-03 14:32:21,322 - SecurePresence - WARNING - Locking Workstation...
2026-02-03 14:32:34,755 - SecurePresence - WARNING - Registration failed: Expected 1 face, found 16
2026-02-03 14:32:36,755 - SecurePresence - WARNING - Registration failed: Expected 1 face, found 37
2026-02-03 14:32:46,973 - SecurePresence - INFO - Starting Secure Presence App...
2026-02-03 14:32:46,973 - SecurePresence - INFO - Loaded 1 known faces from data/faces/encodings.pkl
2026-02-03 14:32:47,002 - SecurePresence - INFO - Starting camera at index 0...
2026-02-03 14:32:49,454 - SecurePresence - INFO - Camera started successfully.
2026-02-03 14:32:54,713 - SecurePresence - WARNING - Registration failed: Expected 1 face, found 42
2026-02-03 14:32:56,804 - SecurePresence - INFO - Saved 2 faces to data/faces/encodings.pkl
2026-02-03 14:32:56,804 - SecurePresence - INFO - Registered new face: s
2026-02-03 14:33:56,480 - SecurePresence - INFO - Saved 1 faces to data/faces/encodings.pkl
2026-02-03 14:33:56,480 - SecurePresence - INFO - Deleted user: z
2026-02-03 14:34:01,085 - SecurePresence - WARNING - Locking Workstation...
2026-02-03 14:34:11,148 - SecurePresence - WARNING - Locking Workstation...
2026-02-03 14:34:16,901 - SecurePresence - INFO - Camera stopped.
2026-02-03 14:38:19,939 - SecurePresence - INFO - Starting Secure Presence App...
2026-02-03 14:38:19,971 - SecurePresence - INFO - Loaded 1 known faces from data/faces/encodings.pkl
2026-02-03 14:38:19,984 - SecurePresence - INFO - Starting camera at index 0...
2026-02-03 14:38:22,465 - SecurePresence - INFO - Camera started successfully.
2026-02-03 14:38:36,137 - SecurePresence - WARNING - Locking Workstation...
2026-02-03 14:38:43,660 - SecurePresence - INFO - Camera stopped.
2026-02-03 14:41:55,054 - SecurePresence - INFO - Starting Secure Presence App...
2026-02-03 14:41:55,071 - SecurePresence - INFO - Loaded 1 known faces from data/faces/encodings.pkl
2026-02-03 14:41:55,087 - SecurePresence - INFO - Starting camera at index 0...
2026-02-03 14:41:57,577 - SecurePresence - INFO - Camera started successfully.
2026-02-03 14:42:01,990 - SecurePresence - INFO - Camera stopped.
2026-02-04 10:08:14,278 - SecurePresence - INFO - Starting Secure Presence App...
2026-02-04 10:08:14,789 - SecurePresence - INFO - Loaded 1 known faces from data/faces/encodings.pkl
2026-02-04 10:08:37,452 - SecurePresence - INFO - Starting Secure Presence App...
2026-02-04 10:08:37,493 - SecurePresence - INFO - Loaded 1 known faces from data/faces/encodings.pkl
2026-02-04 10:08:37,584 - SecurePresence - INFO - Starting camera at index 0...
2026-02-04 10:08:41,023 - SecurePresence - INFO - Camera started successfully.
2026-02-04 10:08:47,626 - SecurePresence - WARNING - Locking Workstation...
2026-02-04 10:09:12,673 - SecurePresence - INFO - Camera stopped.
2026-02-04 10:13:58,387 - SecurePresence - INFO - Starting Secure Presence App...
2026-02-04 10:13:58,416 - SecurePresence - INFO - Loaded 1 known faces from data/faces/encodings.pkl
2026-02-04 10:13:58,446 - SecurePresence - INFO - Starting camera at index 0...
2026-02-04 10:14:02,010 - SecurePresence - INFO - Camera started successfully.
2026-02-04 10:14:23,605 - SecurePresence - INFO - Camera stopped.
2026-02-04 10:15:54,535 - SecurePresence - INFO - Starting Secure Presence App...
2026-02-04 10:15:54,568 - SecurePresence - INFO - Loaded 1 known faces from data/faces/encodings.pkl
2026-02-04 10:15:54,594 - SecurePresence - INFO - Starting camera at index 0...
2026-02-04 10:15:58,029 - SecurePresence - INFO - Camera started successfully.
2026-02-04 10:16:43,540 - SecurePresence - WARNING - Locking Workstation...
2026-02-04 10:16:53,508 - SecurePresence - INFO - Camera stopped.
2026-02-04 10:18:14,328 - SecurePresence - INFO - Starting Secure Presence App...
2026-02-04 10:18:14,357 - SecurePresence - INFO - Loaded 1 known faces from data/faces/encodings.pkl
2026-02-04 10:18:14,379 - SecurePresence - INFO - Starting camera at index 0...
2026-02-04 10:18:17,815 - SecurePresence - INFO - Camera started successfully.
2026-02-04 10:18:34,070 - SecurePresence - INFO - Starting Secure Presence App...
2026-02-04 10:18:34,095 - SecurePresence - INFO - Loaded 1 known faces from data/faces/encodings.pkl
2026-02-04 10:18:34,123 - SecurePresence - INFO - Starting camera at index 0...
2026-02-04 10:18:36,903 - SecurePresence - INFO - Camera started successfully.
2026-02-04 10:18:57,105 - SecurePresence - WARNING - Registration: Found 2 faces. Selecting largest.
2026-02-04 10:19:07,516 - SecurePresence - INFO - Starting Secure Presence App...
2026-02-04 10:19:07,545 - SecurePresence - INFO - Loaded 1 known faces from data/faces/encodings.pkl
2026-02-04 10:19:07,573 - SecurePresence - INFO - Starting camera at index 0...
2026-02-04 10:19:10,961 - SecurePresence - INFO - Camera started successfully.
2026-02-04 10:19:19,228 - SecurePresence - INFO - Camera stopped.
2026-02-04 10:20:06,200 - SecurePresence - INFO - Starting Secure Presence App...
2026-02-04 10:20:06,230 - SecurePresence - INFO - Loaded 1 known faces from data/faces/encodings.pkl
2026-02-04 10:20:06,259 - SecurePresence - INFO - Starting camera at index 0...
2026-02-04 10:20:09,787 - SecurePresence - INFO - Camera started successfully.
2026-02-04 10:20:19,342 - SecurePresence - INFO - Saved 2 faces to data/faces/encodings.pkl
2026-02-04 10:20:19,344 - SecurePresence - INFO - Registered new face: s1
2026-02-04 10:20:20,352 - SecurePresence - INFO - Saved 3 faces to data/faces/encodings.pkl
2026-02-04 10:20:20,353 - SecurePresence - INFO - Registered new face: s1
2026-02-04 10:20:21,331 - SecurePresence - INFO - Saved 4 faces to data/faces/encodings.pkl
2026-02-04 10:20:21,332 - SecurePresence - INFO - Registered new face: s1
2026-02-04 10:20:22,338 - SecurePresence - INFO - Saved 5 faces to data/faces/encodings.pkl
2026-02-04 10:20:22,339 - SecurePresence - INFO - Registered new face: s1
2026-02-04 10:20:23,356 - SecurePresence - INFO - Saved 6 faces to data/faces/encodings.pkl
2026-02-04 10:20:23,357 - SecurePresence - INFO - Registered new face: s1
2026-02-04 10:20:39,740 - SecurePresence - WARNING - Registration failed: No faces found
2026-02-04 10:20:40,253 - SecurePresence - WARNING - Registration failed: No faces found
2026-02-04 10:20:41,115 - SecurePresence - INFO - Saved 7 faces to data/faces/encodings.pkl
2026-02-04 10:20:41,115 - SecurePresence - INFO - Registered new face: z1
2026-02-04 10:20:41,764 - SecurePresence - WARNING - Registration failed: No faces found
2026-02-04 10:20:42,241 - SecurePresence - WARNING - Registration failed: No faces found
2026-02-04 10:20:43,112 - SecurePresence - INFO - Saved 8 faces to data/faces/encodings.pkl
2026-02-04 10:20:43,113 - SecurePresence - INFO - Registered new face: z1
2026-02-04 10:20:44,110 - SecurePresence - INFO - Saved 9 faces to data/faces/encodings.pkl
2026-02-04 10:20:44,110 - SecurePresence - INFO - Registered new face: z1
2026-02-04 10:20:45,148 - SecurePresence - INFO - Saved 10 faces to data/faces/encodings.pkl
2026-02-04 10:20:45,150 - SecurePresence - INFO - Registered new face: z1
2026-02-04 10:20:46,116 - SecurePresence - INFO - Saved 11 faces to data/faces/encodings.pkl
2026-02-04 10:20:46,117 - SecurePresence - INFO - Registered new face: z1
2026-02-04 10:21:16,128 - SecurePresence - INFO - Camera stopped.
2026-02-04 10:23:06,706 - SecurePresence - INFO - Starting Secure Presence App...
2026-02-04 10:23:06,745 - SecurePresence - INFO - Loaded 11 known faces from data/faces/encodings.pkl
2026-02-04 10:23:06,772 - SecurePresence - INFO - Starting camera at index 0...
2026-02-04 10:23:10,366 - SecurePresence - INFO - Camera started successfully.
2026-02-04 10:23:27,994 - SecurePresence - WARNING - Locking Workstation...
2026-02-04 10:23:39,050 - SecurePresence - WARNING - Locking Workstation...
2026-02-04 10:23:46,809 - SecurePresence - INFO - Camera stopped.
2026-02-04 10:26:24,150 - SecurePresence - INFO - Starting Secure Presence App...
2026-02-04 10:26:24,179 - SecurePresence - INFO - Loaded 11 known faces from data/faces/encodings.pkl
2026-02-04 10:26:24,207 - SecurePresence - INFO - Starting camera at index 0...
2026-02-04 10:26:27,682 - SecurePresence - INFO - Camera started successfully.
2026-02-04 10:27:12,650 - SecurePresence - INFO - Camera stopped.
2026-02-04 10:27:30,297 - SecurePresence - INFO - Starting Secure Presence App...
2026-02-04 10:27:30,328 - SecurePresence - INFO - Loaded 11 known faces from data/faces/encodings.pkl
2026-02-04 10:27:30,356 - SecurePresence - INFO - Starting camera at index 0...
2026-02-04 10:27:33,716 - SecurePresence - INFO - Camera started successfully.
2026-02-04 10:27:47,329 - SecurePresence - INFO - Saved 12 faces to data/faces/encodings.pkl
2026-02-04 10:27:47,330 - SecurePresence - INFO - Registered new face: s2
2026-02-04 10:27:49,930 - SecurePresence - INFO - Saved 13 faces to data/faces/encodings.pkl
2026-02-04 10:27:49,930 - SecurePresence - INFO - Registered new face: s2
2026-02-04 10:27:52,151 - SecurePresence - WARNING - Registration failed: No faces found
2026-02-04 10:27:53,772 - SecurePresence - INFO - Saved 14 faces to data/faces/encodings.pkl
2026-02-04 10:27:53,773 - SecurePresence - INFO - Registered new face: s2
2026-02-04 10:27:56,375 - SecurePresence - INFO - Saved 15 faces to data/faces/encodings.pkl
2026-02-04 10:27:56,376 - SecurePresence - INFO - Registered new face: s2
2026-02-04 10:27:58,976 - SecurePresence - INFO - Saved 16 faces to data/faces/encodings.pkl
2026-02-04 10:27:58,976 - SecurePresence - INFO - Registered new face: s2
2026-02-04 10:28:04,834 - SecurePresence - INFO - Saved 11 faces to data/faces/encodings.pkl
2026-02-04 10:28:04,834 - SecurePresence - INFO - Deleted user: s1
2026-02-04 10:28:08,121 - SecurePresence - INFO - Saved 10 faces to data/faces/encodings.pkl
2026-02-04 10:28:08,122 - SecurePresence - INFO - Deleted user: s
2026-02-04 10:28:18,546 - SecurePresence - INFO - Camera stopped.
2026-02-04 10:29:14,018 - SecurePresence - INFO - Starting Secure Presence App...
2026-02-04 10:29:14,061 - SecurePresence - INFO - Loaded 10 known faces from data/faces/encodings.pkl
2026-02-04 10:29:14,089 - SecurePresence - INFO - Starting camera at index 0...
2026-02-04 10:29:17,572 - SecurePresence - INFO - Camera started successfully.
2026-02-04 10:29:36,296 - SecurePresence - INFO - Camera stopped.
2026-02-04 10:30:42,238 - SecurePresence - INFO - Starting Secure Presence App...
2026-02-04 10:30:42,265 - SecurePresence - INFO - Loaded 10 known faces from data/faces/encodings.pkl
2026-02-04 10:30:42,288 - SecurePresence - INFO - Starting camera at index 0...
2026-02-04 10:30:45,735 - SecurePresence - INFO - Camera started successfully.
2026-02-04 10:31:01,868 - SecurePresence - INFO - Camera stopped.
2026-02-04 10:32:01,901 - SecurePresence - INFO - Starting Secure Presence App...
2026-02-04 10:32:01,927 - SecurePresence - INFO - Loaded 10 known faces from data/faces/encodings.pkl
2026-02-04 10:32:01,956 - SecurePresence - INFO - Starting camera at index 0...
2026-02-04 10:32:05,362 - SecurePresence - INFO - Camera started successfully.
2026-02-04 10:32:24,959 - SecurePresence - INFO - Camera stopped.
2026-02-04 10:34:55,802 - SecurePresence - INFO - Starting Secure Presence App...
2026-02-04 10:34:55,830 - SecurePresence - INFO - Loaded 10 known faces from data/faces/encodings.pkl
2026-02-04 10:34:55,859 - SecurePresence - INFO - Starting camera at index 0...
2026-02-04 10:34:59,357 - SecurePresence - INFO - Camera started successfully.
2026-02-04 10:35:01,457 - SecurePresence - INFO - Loaded 10 known faces from data/faces/encodings.pkl
2026-02-04 10:35:27,689 - SecurePresence - INFO - Camera stopped.
2026-02-04 10:36:37,766 - SecurePresence - INFO - Starting Secure Presence App...
2026-02-04 10:36:37,793 - SecurePresence - INFO - Loaded 10 known faces from data/faces/encodings.pkl
2026-02-04 10:36:37,818 - SecurePresence - INFO - Starting camera at index 0...
2026-02-04 10:36:41,440 - SecurePresence - INFO - Camera started successfully.
2026-02-04 10:36:43,414 - SecurePresence - INFO - Loaded 10 known faces from data/faces/encodings.pkl
2026-02-04 10:36:48,535 - SecurePresence - WARNING - Locking Workstation...
2026-02-04 10:36:58,556 - SecurePresence - WARNING - Locking Workstation...
2026-02-04 10:37:09,606 - SecurePresence - WARNING - Locking Workstation...
2026-02-04 10:37:19,982 - SecurePresence - WARNING - Locking Workstation...
2026-02-04 10:37:30,304 - SecurePresence - WARNING - Locking Workstation...
2026-02-04 10:37:40,504 - SecurePresence - WARNING - Locking Workstation...
2026-02-04 10:37:50,817 - SecurePresence - WARNING - Locking Workstation...
2026-02-04 10:38:00,930 - SecurePresence - WARNING - Locking Workstation...
2026-02-04 10:38:11,070 - SecurePresence - WARNING - Locking Workstation...
2026-02-04 10:38:21,806 - SecurePresence - WARNING - Locking Workstation...
2026-02-04 10:38:31,918 - SecurePresence - WARNING - Locking Workstation...
2026-02-04 10:38:42,122 - SecurePresence - WARNING - Locking Workstation...
2026-02-04 10:38:52,323 - SecurePresence - WARNING - Locking Workstation...
2026-02-04 10:39:02,623 - SecurePresence - WARNING - Locking Workstation...
2026-02-04 10:39:12,704 - SecurePresence - WARNING - Locking Workstation...
2026-02-04 10:39:22,757 - SecurePresence - WARNING - Locking Workstation...
2026-02-04 10:39:33,000 - SecurePresence - WARNING - Locking Workstation...
2026-02-04 10:39:43,421 - SecurePresence - WARNING - Locking Workstation...
2026-02-04 10:39:58,179 - SecurePresence - INFO - Camera stopped.
2026-02-04 10:58:17,100 - SecurePresence - INFO - Starting Secure Presence App...
2026-02-04 10:58:17,163 - SecurePresence - INFO - Loaded 10 known faces from data/faces/encodings.pkl
2026-02-04 10:58:17,210 - SecurePresence - INFO - Starting camera at index 0...
2026-02-04 10:58:20,394 - SecurePresence - INFO - Camera started successfully.
2026-02-04 10:58:22,810 - SecurePresence - INFO - Loaded 10 known faces from data/faces/encodings.pkl
2026-02-04 10:58:27,408 - SecurePresence - WARNING - Locking Workstation...
2026-02-04 10:58:49,630 - SecurePresence - INFO - Saved 11 faces to data/faces/encodings.pkl
2026-02-04 10:58:49,630 - SecurePresence - INFO - Registered new face: z1
2026-02-04 10:58:51,848 - SecurePresence - WARNING - Registration failed: No faces found
2026-02-04 10:58:53,079 - SecurePresence - WARNING - Registration failed: No faces found
2026-02-04 10:58:54,304 - SecurePresence - WARNING - Registration failed: No faces found
2026-02-04 10:58:55,877 - SecurePresence - INFO - Saved 12 faces to data/faces/encodings.pkl
2026-02-04 10:58:55,877 - SecurePresence - INFO - Registered new face: z1
2026-02-04 10:58:58,097 - SecurePresence - WARNING - Registration failed: No faces found
2026-02-04 10:58:59,323 - SecurePresence - WARNING - Registration failed: No faces found
2026-02-04 10:59:00,896 - SecurePresence - INFO - Saved 13 faces to data/faces/encodings.pkl
2026-02-04 10:59:00,896 - SecurePresence - INFO - Registered new face: z1
2026-02-04 10:59:03,111 - SecurePresence - WARNING - Registration failed: No faces found
2026-02-04 10:59:04,338 - SecurePresence - WARNING - Registration failed: No faces found
2026-02-04 10:59:05,560 - SecurePresence - WARNING - Registration failed: No faces found
2026-02-04 10:59:06,786 - SecurePresence - WARNING - Registration failed: No faces found
2026-02-04 10:59:08,375 - SecurePresence - INFO - Saved 14 faces to data/faces/encodings.pkl
2026-02-04 10:59:08,376 - SecurePresence - INFO - Registered new face: z1
2026-02-04 10:59:10,597 - SecurePresence - WARNING - Registration failed: No faces found
2026-02-04 10:59:12,174 - SecurePresence - INFO - Saved 15 faces to data/faces/encodings.pkl
2026-02-04 10:59:12,175 - SecurePresence - INFO - Registered new face: z1
2026-02-04 10:59:15,551 - SecurePresence - INFO - Camera stopped.
2026-02-11 07:55:30,276 - SecurePresence - INFO - Starting Secure Presence App...
2026-02-11 07:55:30,452 - SecurePresence - INFO - Loaded 15 known faces from data/faces/encodings.pkl
2026-02-11 07:55:30,478 - SecurePresence - INFO - Starting camera at index 0...
2026-02-11 07:55:32,615 - SecurePresence - INFO - Camera started successfully.
2026-02-11 07:55:33,793 - SecurePresence - INFO - Loaded 15 known faces from data/faces/encodings.pkl
2026-02-11 07:55:40,558 - SecurePresence - WARNING - Locking Workstation...
2026-02-11 07:56:03,636 - SecurePresence - INFO - Saved 16 faces to data/faces/encodings.pkl
2026-02-11 07:56:03,636 - SecurePresence - INFO - Registered new face: s3
2026-02-11 07:56:05,989 - SecurePresence - INFO - Saved 17 faces to data/faces/encodings.pkl
2026-02-11 07:56:05,989 - SecurePresence - INFO - Registered new face: s3
2026-02-11 07:56:08,357 - SecurePresence - INFO - Saved 18 faces to data/faces/encodings.pkl
2026-02-11 07:56:08,358 - SecurePresence - INFO - Registered new face: s3
2026-02-11 07:56:10,500 - SecurePresence - WARNING - Registration failed: No faces found
2026-02-11 07:56:11,979 - SecurePresence - INFO - Saved 19 faces to data/faces/encodings.pkl
2026-02-11 07:56:11,979 - SecurePresence - INFO - Registered new face: s3
2026-02-11 07:56:14,415 - SecurePresence - INFO - Saved 20 faces to data/faces/encodings.pkl
2026-02-11 07:56:14,415 - SecurePresence - INFO - Registered new face: s3
2026-02-11 07:56:38,210 - SecurePresence - INFO - Camera stopped.
2026-02-11 10:54:53,273 - SecurePresence - INFO - Starting Secure Presence App...
2026-02-11 10:54:53,772 - SecurePresence - INFO - Loaded 20 known faces from data/faces/encodings.pkl
2026-02-11 10:54:53,829 - SecurePresence - INFO - Starting camera at index 0...
2026-02-11 10:54:56,748 - SecurePresence - INFO - Camera started successfully.
2026-02-11 10:54:59,062 - SecurePresence - INFO - Loaded 20 known faces from data/faces/encodings.pkl
2026-02-11 10:55:29,021 - SecurePresence - INFO - Camera stopped.
2026-02-11 12:19:51,035 - SecurePresence - INFO - Starting Secure Presence App...
2026-02-11 12:19:51,135 - SecurePresence - INFO - Loaded 20 known faces from data/faces/encodings.pkl
2026-02-11 12:19:51,186 - SecurePresence - INFO - Starting camera at index 0...
2026-02-11 12:19:53,475 - SecurePresence - INFO - Camera started successfully.
2026-02-11 12:19:55,490 - SecurePresence - INFO - Loaded 20 known faces from data/faces/encodings.pkl
2026-02-11 12:20:01,686 - SecurePresence - WARNING - Locking Workstation...
2026-02-11 12:20:11,957 - SecurePresence - WARNING - Locking Workstation...
2026-02-11 12:20:40,241 - SecurePresence - WARNING - Locking Workstation...
2026-02-11 12:20:50,385 - SecurePresence - WARNING - Locking Workstation...
2026-02-11 12:21:00,694 - SecurePresence - WARNING - Locking Workstation...
2026-02-11 12:21:16,752 - SecurePresence - WARNING - Locking Workstation...
2026-02-11 12:22:32,127 - SecurePresence - WARNING - Locking Workstation...
2026-02-11 12:22:38,227 - SecurePresence - INFO - Camera stopped.
